2048_libretro.so
81_libretro.so
a5200_libretro.so
arduous_libretro.so
atari800_libretro.so
bluemsx_libretro.so
bnes_libretro.so
cannonball_libretro.so
cap32_libretro.so
chailove_libretro.so
chimerasnes_libretro.so
craft_libretro.so
crocods_libretro.so
daphne_libretro.so
desmume2015_libretro.so
dinothawr_libretro.so
dosbox_libretro.so
dosbox_pure_libretro.so
dosbox_svn_libretro.so
DoubleCherryGB_libretro.so
duckstation_libretro.so
easyrpg_libretro.so
ecwolf_libretro.so
ep128emu_core_libretro.so
fake08_libretro.so
fbalpha2012_cps1_libretro.so
fbalpha2012_cps2_libretro.so
fbalpha2012_cps3_libretro.so
fbalpha2012_libretro.so
fbalpha2012_neogeo_libretro.so
fbalpha_libretro.so
fbneo_libretro.so
fceumm_libretro.so
fceunext_libretro.so
ffmpeg_libretro.so
flycast_libretro.so
fmsx_libretro.so
freechaf_libretro.so
freeintv_libretro.so
fuse_libretro.so
gambatte_gb_libretro.so
gambatte_libretro.so
gearboy_libretro.so
gearcoleco_libretro.so
gearsystem_libretro.so
genesis_plus_gx_libretro.so
genesis_plus_gx_wide_libretro.so
geolith_libretro.so
gme_libretro.so
gpsp_libretro.so
gw_libretro.so
handy_libretro.so
hatari_libretro.so
imageviewer_libretro.so
km_daphne_xtreme_libretro.so
lowresnx_libretro.so
lutro_libretro.so
mame2000_libretro.so
mame2003_libretro.so
mame2003_plus_libretro.so
mame2010_libretro.so
mame2015_libretro.so
mame2016_libretro.so
mame219_libretro.so
mame_libretro.so
mednafen_gba_libretro_libretro.so
mednafen_gba_libretro.so
mednafen_lynx_libretro.so
mednafen_ngp_libretro.so
mednafen_pce_fast_libretro.so
mednafen_pcfx_libretro.so
mednafen_supafaust_libretro.so
mednafen_supergrafx_libretro.so
mednafen_vb_libretro.so
mednafen_wswan_libretro.so
melonds_libretro.so
mesen_libretro.so
mess2015_libretro.so
mess_libretro.so
meteor_libretro.so
mgba_libretro.so
minivmac_libretro.so
mpv_libretro.so
mrboom_libretro.so
mu_libretro.so
mupen64plus_libretro.so
mupen64plus_next_libretro.so
nekop2_libretro.so
neocd_libretro.so
nestopia_libretro.so
np2kai_libretro.so
numero_libretro.so
nxengine_libretro.so
o2em_libretro.so
onscripter_libretro.so
opera_libretro.so
parallel_n64_libretro.so
pcsx_rearmed_libretro.so
picodrive_libretro.so
pokemini_libretro.so
potator_libretro.so
ppsspp_libretro.so
prboom_libretro.so
prosystem_libretro.so
puae2021_libretro.so
puae_libretro.so
px68k_libretro.so
quasi88_libretro.so
quicknes_libretro.so
race_libretro.so
reminiscence_libretro.so
retro8_libretro.so
sameboy_libretro.so
same_cdi_libretro.so
sameduck_libretro.so
scummvm_libretro-2.9.so
scummvm_libretro.so
snes9x2002_libretro.so
snes9x2005_libretro.so
snes9x2005_plus_libretro.so
snes9x2010_libretro.so
snes9x_libretro.so
stella2014_libretro.so
stella_libretro.so
superflappybirds_libretro.so
swanstation_libretro.so
tgbdual_libretro.so
theodore_libretro.so
tic80_libretro.so
tyrquake_libretro.so
uae4arm_libretro.so
uzem_libretro.so
vbam_libretro.so
vba_next_libretro.so
vecx_libretro.so
vemulator_libretro.so
vice_x128_libretro.so
vice_x64_libretro.so
vice_x64sc_libretro.so
vice_xcbm2_libretro.so
vice_xcbm5x0_libretro.so
vice_xpet_libretro.so
vice_xplus4_libretro.so
vice_xscpu64_libretro.so
vice_xvic_libretro.so
virtualjaguar_libretro.so
wasm4_libretro.so
x1_libretro.so
xrick_libretro.so
yabasanshiro_libretro.so
yabause_libretro.so
